Arguments: 
  C:\Program Files\nodejs\node.exe C:\Users\nirav\AppData\Roaming\npm\node_modules\yarn\bin\yarn.js add socket.io.client

PATH: 
  C:\Users\nirav\Desktop\django_project\venv\Scripts;C:\Program Files (x86)\Common Files\Oracle\Java\javapath;C:\Program Files (x86)\Intel\Intel(R) Management Engine Components\iCLS\;C:\Program Files\Intel\Intel(R) Management Engine Components\iCLS\;C:\WINDOWS\system32;C:\WINDOWS;C:\WINDOWS\System32\Wbem;C:\WINDOWS\System32\WindowsPowerShell\v1.0\;C:\WINDOWS\System32\OpenSSH\;C:\Program Files (x86)\Intel\Intel(R) Management Engine Components\DAL;C:\Program Files\Intel\Intel(R) Management Engine Components\DAL;C:\Program Files\jEdit;C:\JMeter\bin;C:\Program Files (x86)\Java\jre1.8.0_221\bin;C:\Program Files\nodejs\;C:\Users\nirav\AppData\Local\Programs\Python\Python39\Scripts\;C:\Users\nirav\AppData\Local\Programs\Python\Python39\;C:\Users\nirav\Anaconda3;C:\Users\nirav\Anaconda3\Library\mingw-w64\bin;C:\Users\nirav\Anaconda3\Library\usr\bin;C:\Users\nirav\Anaconda3\Library\bin;C:\Users\nirav\Anaconda3\Scripts;C:\Users\nirav\AppData\Local\Microsoft\WindowsApps;C:\Users\nirav\AppData\Local\Programs\Microsoft VS Code\bin;C:\ProgramData\nirav\GitHubDesktop\bin;C:\Users\nirav\AppData\Roaming\npm

Yarn version: 
  1.22.10

Node version: 
  14.17.1

Platform: 
  win32 x64

Trace: 
  Error: https://registry.yarnpkg.com/socket.io.client: Not found
      at Request.params.callback [as _callback] (C:\Users\nirav\AppData\Roaming\npm\node_modules\yarn\lib\cli.js:66988:18)
      at Request.self.callback (C:\Users\nirav\AppData\Roaming\npm\node_modules\yarn\lib\cli.js:140662:22)
      at Request.emit (events.js:375:28)
      at Request.<anonymous> (C:\Users\nirav\AppData\Roaming\npm\node_modules\yarn\lib\cli.js:141634:10)
      at Request.emit (events.js:375:28)
      at IncomingMessage.<anonymous> (C:\Users\nirav\AppData\Roaming\npm\node_modules\yarn\lib\cli.js:141556:12)
      at Object.onceWrapper (events.js:481:28)
      at IncomingMessage.emit (events.js:387:35)
      at endReadableNT (internal/streams/readable.js:1317:12)
      at processTicksAndRejections (internal/process/task_queues.js:82:21)

npm manifest: 
  {
    "name": "chat",
    "version": "0.1.0",
    "private": true,
    "dependencies": {
      "react": "^17.0.2",
      "react-dom": "^17.0.2",
      "react-scripts": "4.0.3"
    },
    "scripts": {
      "start": "react-scripts start",
      "build": "react-scripts build",
      "eject": "react-scripts eject"
    },
    "eslintConfig": {
      "extends": [
        "react-app",
        "react-app/jest"
      ]
    },
    "browserslist": {
      "production": [
        ">0.2%",
        "not dead",
        "not op_mini all"
      ],
      "development": [
        "last 1 chrome version",
        "last 1 firefox version",
        "last 1 safari version"
      ]
    }
  }

yarn manifest: 
  No manifest

Lockfile: 
  No lockfile
